<?xml version="1.0" encoding="UTF-8"?>
<testng-results ignored="0" total="2" passed="2" failed="0" skipped="0">
  <reporter-output>
  </reporter-output>
  <suite started-at="2026-04-13T23:31:23 IST" name="ParallelSuite" finished-at="2026-04-13T23:31:31 IST" duration-ms="7730">
    <groups>
    </groups>
    <test started-at="2026-04-13T23:31:23 IST" name="Test2" finished-at="2026-04-13T23:31:30 IST" duration-ms="7373">
      <class name="gridDemo.Test2">
        <test-method signature="testBing()[pri:0, instance:gridDemo.Test2@3d285d7e]" started-at="2026-04-13T23:31:23 IST" name="testBing" finished-at="2026-04-13T23:31:30 IST" duration-ms="7335" status="PASS">
          <reporter-output>
          </reporter-output>
        </test-method> <!-- testBing -->
      </class> <!-- gridDemo.Test2 -->
    </test> <!-- Test2 -->
    <test started-at="2026-04-13T23:31:23 IST" name="Test1" finished-at="2026-04-13T23:31:31 IST" duration-ms="7730">
      <class name="gridDemo.Test1">
        <test-method signature="testGoogle()[pri:0, instance:gridDemo.Test1@73a1e9a9]" started-at="2026-04-13T23:31:23 IST" name="testGoogle" finished-at="2026-04-13T23:31:31 IST" duration-ms="7694" status="PASS">
          <reporter-output>
          </reporter-output>
        </test-method> <!-- testGoogle -->
      </class> <!-- gridDemo.Test1 -->
    </test> <!-- Test1 -->
  </suite> <!-- ParallelSuite -->
</testng-results>
